<?xml version="1.0" encoding="UTF-8"?>
<!-- Generated by org.testng.reporters.JUnitXMLReporter -->
<testsuite ignored="0" hostname="DESKTOP-F6L6QI8" failures="0" tests="19" name="Test" time="4.689" errors="0" timestamp="2022-04-04T15:16:14 EDT">
  <testcase classname="DSAlgo_testcases.TC_008DDT_Registrationtests" name="@BeforeTest beforeTest" time="3.709">
    <failure type="org.openqa.selenium.WebDriverException" message="unknown error: net::ERR_NAME_NOT_RESOLVED
  (Session info: chrome=99.0.4844.84)
Build info: version: &amp;apos;3.141.59&amp;apos;, revision: &amp;apos;e82be7d358&amp;apos;, time: &amp;apos;2018-11-14T08:17:03&amp;apos;
System info: host: &amp;apos;DESKTOP-F6L6QI8&amp;apos;, ip: &amp;apos;192.168.56.1&amp;apos;, os.name: &amp;apos;Windows 10&amp;apos;, os.arch: &amp;apos;amd64&amp;apos;, os.version: &amp;apos;10.0&amp;apos;, java.version: &amp;apos;17.0.1&amp;apos;
Driver info: org.openqa.selenium.chrome.ChromeDriver
Capabilities {acceptInsecureCerts: false, browserName: chrome, browserVersion: 99.0.4844.84, chrome: {chromedriverVersion: 98.0.4758.80 (7f0488e8ba0d8..., userDataDir: C:\Users\rekha\AppData\Loca...}, goog:chromeOptions: {debuggerAddress: localhost:54911}, javascriptEnabled: true, networkConnectionEnabled: false, pageLoadStrategy: normal, platform: WINDOWS, platformName: WINDOWS, proxy: Proxy(), setWindowRect: true, strictFileInteractability: false, timeouts: {implicit: 0, pageLoad: 300000, script: 30000}, unhandledPromptBehavior: dismiss and notify, webauthn:extension:credBlob: true, webauthn:extension:largeBlob: true, webauthn:virtualAuthenticators: true}
Session ID: 12ef87d9b1dfb3b49fa61c597cb625b5">
      <![CDATA[org.openqa.selenium.WebDriverException: unknown error: net::ERR_NAME_NOT_RESOLVED
  (Session info: chrome=99.0.4844.84)
Build info: version: '3.141.59', revision: 'e82be7d358', time: '2018-11-14T08:17:03'
System info: host: 'DESKTOP-F6L6QI8', ip: '192.168.56.1', os.name: 'Windows 10', os.arch: 'amd64', os.version: '10.0', java.version: '17.0.1'
Driver info: org.openqa.selenium.chrome.ChromeDriver
Capabilities {acceptInsecureCerts: false, browserName: chrome, browserVersion: 99.0.4844.84, chrome: {chromedriverVersion: 98.0.4758.80 (7f0488e8ba0d8..., userDataDir: C:\Users\rekha\AppData\Loca...}, goog:chromeOptions: {debuggerAddress: localhost:54911}, javascriptEnabled: true, networkConnectionEnabled: false, pageLoadStrategy: normal, platform: WINDOWS, platformName: WINDOWS, proxy: Proxy(), setWindowRect: true, strictFileInteractability: false, timeouts: {implicit: 0, pageLoad: 300000, script: 30000}, unhandledPromptBehavior: dismiss and notify, webauthn:extension:credBlob: true, webauthn:extension:largeBlob: true, webauthn:virtualAuthenticators: true}
Session ID: 12ef87d9b1dfb3b49fa61c597cb625b5
at org.openqa.selenium.remote.http.W3CHttpResponseCodec.createException(W3CHttpResponseCodec.java:187)
at org.openqa.selenium.remote.http.W3CHttpResponseCodec.decode(W3CHttpResponseCodec.java:122)
at org.openqa.selenium.remote.http.W3CHttpResponseCodec.decode(W3CHttpResponseCodec.java:49)
at org.openqa.selenium.remote.HttpCommandExecutor.execute(HttpCommandExecutor.java:158)
at org.openqa.selenium.remote.service.DriverCommandExecutor.execute(DriverCommandExecutor.java:83)
at org.openqa.selenium.remote.RemoteWebDriver.execute(RemoteWebDriver.java:552)
at org.openqa.selenium.remote.RemoteWebDriver.get(RemoteWebDriver.java:277)
at DSAlgo_testcases.TC_008DDT_Registrationtests.beforeTest(TC_008DDT_Registrationtests.java:65)
... Removed 29 stack frames]]>
    </failure>
  </testcase> <!-- @BeforeTest beforeTest -->
  <testcase classname="DSAlgo_testcases.TC_009_DDTLoginTests" name="@BeforeTest beforeTest" time="-1.649099773657E9">
    <skipped/>
  </testcase> <!-- @BeforeTest beforeTest -->
  <testcase classname="DSAlgo_testcases.TC_008DDT_Registrationtests" name="@AfterTest afterTest" time="-1.649099774511E9">
    <skipped/>
  </testcase> <!-- @AfterTest afterTest -->
  <testcase classname="DSAlgo_testcases.TC_009_DDTLoginTests" name="@AfterTest afterTest" time="-1.649099774513E9">
    <skipped/>
  </testcase> <!-- @AfterTest afterTest -->
  <testcase classname="DSAlgo_testcases.Test_all" name="testCase_Homepage" time="0.0">
    <skipped/>
  </testcase> <!-- testCase_Homepage -->
  <testcase classname="DSAlgo_testcases.Test_all" name="testCase_Queuepagetest" time="0.0">
    <skipped/>
  </testcase> <!-- testCase_Queuepagetest -->
  <testcase classname="DSAlgo_testcases.Test_all" name="testCase_Registration" time="0.0">
    <skipped/>
  </testcase> <!-- testCase_Registration -->
  <testcase classname="DSAlgo_testcases.Test_all" name="testCase_Stackpagetest" time="0.0">
    <skipped/>
  </testcase> <!-- testCase_Stackpagetest -->
  <testcase classname="DSAlgo_testcases.Test_all" name="testCase_signIn" time="0.0">
    <skipped/>
  </testcase> <!-- testCase_signIn -->
  <testcase classname="DSAlgo_testcases.TC_009_DDTLoginTests" name="signin" time="0.0">
    <skipped/>
  </testcase> <!-- signin -->
  <testcase classname="DSAlgo_testcases.TC_009_DDTLoginTests" name="signin" time="0.0">
    <skipped/>
  </testcase> <!-- signin -->
  <testcase classname="DSAlgo_testcases.TC_009_DDTLoginTests" name="signin" time="0.0">
    <skipped/>
  </testcase> <!-- signin -->
  <testcase classname="DSAlgo_testcases.TC_009_DDTLoginTests" name="signin" time="0.0">
    <skipped/>
  </testcase> <!-- signin -->
  <testcase classname="DSAlgo_testcases.TC_009_DDTLoginTests" name="signin" time="0.0">
    <skipped/>
  </testcase> <!-- signin -->
  <testcase classname="DSAlgo_testcases.TC_009_DDTLoginTests" name="signin" time="0.0">
    <skipped/>
  </testcase> <!-- signin -->
  <testcase classname="DSAlgo_testcases.TC_009_DDTLoginTests" name="signin" time="0.0">
    <skipped/>
  </testcase> <!-- signin -->
  <testcase classname="DSAlgo_testcases.TC_008DDT_Registrationtests" name="registration" time="0.0">
    <skipped/>
  </testcase> <!-- registration -->
  <testcase classname="DSAlgo_testcases.TC_008DDT_Registrationtests" name="registration" time="0.0">
    <skipped/>
  </testcase> <!-- registration -->
  <testcase classname="DSAlgo_testcases.TC_008DDT_Registrationtests" name="registration" time="0.0">
    <skipped/>
  </testcase> <!-- registration -->
  <testcase classname="DSAlgo_testcases.TC_008DDT_Registrationtests" name="registration" time="0.0">
    <skipped/>
  </testcase> <!-- registration -->
  <testcase classname="DSAlgo_testcases.TC_008DDT_Registrationtests" name="registration" time="0.0">
    <skipped/>
  </testcase> <!-- registration -->
  <testcase classname="DSAlgo_testcases.TC_008DDT_Registrationtests" name="registration" time="0.0">
    <skipped/>
  </testcase> <!-- registration -->
  <testcase classname="DSAlgo_testcases.TC_008DDT_Registrationtests" name="registration" time="0.0">
    <skipped/>
  </testcase> <!-- registration -->
</testsuite> <!-- Test -->
